RAX=0000000000115526 RBX=0000000000000000 RCX=0000000000000003 RDX=0000000000000000
RSI=00000000000105cb RDI=000000000000026b RBP=000000000011f350 RSP=000000000011f1e8
R8 =00000000bff19a00 R9 =0000000000000050 R10=0000000000000000 R11=0000000000000006
R12=0000000000000004 R13=00000000befe8018 R14=00000000be6c9018 R15=0000000000000000
RIP=000000000011284b RFL=00000006 [-----P-] CPL=0 II=0 A20=1 SMM=0 HLT=1
ES =0000 0000000000000000 00000000 00000000
CS =0008 0000000000000000 00000fff 00a09a00 DPL=0 CS64 [-R-]
SS =0010 0000000000000000 00000fff 00a09200 DPL=0 DS   [-W-]
DS =0000 0000000000000000 00000000 00000000
FS =0000 0000000000000000 00000000 00000000
GS =0000 0000000000000000 00000000 00000000
LDT=0000 0000000000000000 0000ffff 00008200 DPL=0 LDT
TR =0000 0000000000000000 0000ffff 00008b00 DPL=0 TSS64-busy
GDT=     0000000000000080 00000018
IDT=     0000000000013000 00000fff
CR0=80010033 CR2=0000000000000000 CR3=0000000000001018 CR4=00000668
DR0=0000000000000000 DR1=0000000000000000 DR2=0000000000000000 DR3=0000000000000000 
DR6=00000000ffff0ff0 DR7=0000000000000400
EFER=0000000000000500
FCW=037f FSW=0000 [ST=0] FTW=00 MXCSR=00001f80
FPR0=0000000000000000 0000 FPR1=0000000000000000 0000
FPR2=0000000000000000 0000 FPR3=0000000000000000 0000
FPR4=0000000000000000 0000 FPR5=0000000000000000 0000
FPR6=0000000000000000 0000 FPR7=0000000000000000 0000
XMM00=00000000001132b2000000000012f120 XMM01=34000000000000000000000000000000
XMM02=00000000001132fa000000000012f140 XMM03=000000000012f170120000000000003f
XMM04=000000000011404e000000000012f220 XMM05=30000000000000007000000000000000
XMM06=00000000001104141000000000000000 XMM07=34303131303030303030303030307830
XMM08=00000000000000000000000000003431 XMM09=00000000000000010000000000000004
XMM10=00000000000000000000000000000004 XMM11=00000000000000010000000000000001
XMM12=00000000000000000000000000000000 XMM13=000000000011326e0000000000000000
XMM14=00000000001132b2000000000012f200 XMM15=0a000000000000000000000000000000

#GP ERROR CODE = 0x0000000000115420
RIP: 0x0000000000115420
CS: 0x0000000000000008
RFLAGS: 0x0000000000000006
RSP: 0x000000000011f398
SS: 0x0000000000000010
